## ComfyUI-Manager: installing dependencies done.
[2024-06-11 15:59] ** ComfyUI startup time: 2024-06-11 15:59:07.860592
[2024-06-11 15:59] ** Platform: Windows
[2024-06-11 15:59] ** Python version: 3.10.10 (tags/v3.10.10:aad5f6a, Feb  7 2023, 17:20:36) [MSC v.1929 64 bit (AMD64)]
[2024-06-11 15:59] ** Python executable: C:\Users\MegaS\AppData\Local\Programs\Python\Python310\python.exe
[2024-06-11 15:59] ** Log path: C:\Users\MegaS\OneDrive\Desktop\GodotGameexport\comfyui.log
[2024-06-11 15:59] 
Prestartup times for custom nodes:
[2024-06-11 15:59]    0.4 seconds: C:\Users\MegaS\OneDrive\Desktop\GodotGameexport\custom_nodes\ComfyUI-Manager
[2024-06-11 15:59] 
Total VRAM 4096 MB, total RAM 16218 MB
[2024-06-11 15:59] Trying to enable lowvram mode because your GPU seems to have 4GB or less. If you don't want this use: --normalvram
[2024-06-11 15:59] Set vram state to: LOW_VRAM
[2024-06-11 15:59] Device: cuda:0 NVIDIA GeForce RTX 3050 Ti Laptop GPU : native
[2024-06-11 15:59] VAE dtype: torch.bfloat16
[2024-06-11 15:59] Using pytorch cross attention
[2024-06-11 15:59] Could not find the extra_model_paths config file.
[2024-06-11 15:59] C:\Users\MegaS\AppData\Local\Programs\Python\Python310\lib\site-packages\diffusers\models\unet_2d_blocks.py:249: FutureWarning: `AutoencoderTinyBlock` is deprecated and will be removed in version 0.29. Importing `AutoencoderTinyBlock` from `diffusers.models.unet_2d_blocks` is deprecated and this will be removed in a future version. Please use `from diffusers.models.unets.unet_2d_blocks import AutoencoderTinyBlock`, instead.
  deprecate("AutoencoderTinyBlock", "0.29", deprecation_message)
[2024-06-11 15:59] C:\Users\MegaS\AppData\Local\Programs\Python\Python310\lib\site-packages\diffusers\models\unet_2d_blocks.py:254: FutureWarning: `UNetMidBlock2D` is deprecated and will be removed in version 0.29. Importing `UNetMidBlock2D` from `diffusers.models.unet_2d_blocks` is deprecated and this will be removed in a future version. Please use `from diffusers.models.unets.unet_2d_blocks import UNetMidBlock2D`, instead.
  deprecate("UNetMidBlock2D", "0.29", deprecation_message)
[2024-06-11 15:59] C:\Users\MegaS\AppData\Local\Programs\Python\Python310\lib\site-packages\diffusers\models\unet_2d_blocks.py:259: FutureWarning: `UNetMidBlock2DCrossAttn` is deprecated and will be removed in version 0.29. Importing `UNetMidBlock2DCrossAttn` from `diffusers.models.unet_2d_blocks` is deprecated and this will be removed in a future version. Please use `from diffusers.models.unets.unet_2d_blocks import UNetMidBlock2DCrossAttn`, instead.
  deprecate("UNetMidBlock2DCrossAttn", "0.29", deprecation_message)
[2024-06-11 15:59] C:\Users\MegaS\AppData\Local\Programs\Python\Python310\lib\site-packages\diffusers\models\unet_2d_blocks.py:264: FutureWarning: `UNetMidBlock2DSimpleCrossAttn` is deprecated and will be removed in version 0.29. Importing `UNetMidBlock2DSimpleCrossAttn` from `diffusers.models.unet_2d_blocks` is deprecated and this will be removed in a future version. Please use `from diffusers.models.unets.unet_2d_blocks import UNetMidBlock2DSimpleCrossAttn`, instead.
  deprecate("UNetMidBlock2DSimpleCrossAttn", "0.29", deprecation_message)
[2024-06-11 15:59] C:\Users\MegaS\AppData\Local\Programs\Python\Python310\lib\site-packages\diffusers\models\unet_2d_blocks.py:269: FutureWarning: `AttnDownBlock2D` is deprecated and will be removed in version 0.29. Importing `AttnDownBlock2D` from `diffusers.models.unet_2d_blocks` is deprecated and this will be removed in a future version. Please use `from diffusers.models.unets.unet_2d_blocks import AttnDownBlock2D`, instead.
  deprecate("AttnDownBlock2D", "0.29", deprecation_message)
[2024-06-11 15:59] C:\Users\MegaS\AppData\Local\Programs\Python\Python310\lib\site-packages\diffusers\models\unet_2d_blocks.py:274: FutureWarning: `CrossAttnDownBlock2D` is deprecated and will be removed in version 0.29. Importing `AttnDownBlock2D` from `diffusers.models.unet_2d_blocks` is deprecated and this will be removed in a future version. Please use `from diffusers.models.unets.unet_2d_blocks import CrossAttnDownBlock2D`, instead.
  deprecate("CrossAttnDownBlock2D", "0.29", deprecation_message)
[2024-06-11 15:59] C:\Users\MegaS\AppData\Local\Programs\Python\Python310\lib\site-packages\diffusers\models\unet_2d_blocks.py:279: FutureWarning: `DownBlock2D` is deprecated and will be removed in version 0.29. Importing `DownBlock2D` from `diffusers.models.unet_2d_blocks` is deprecated and this will be removed in a future version. Please use `from diffusers.models.unets.unet_2d_blocks import DownBlock2D`, instead.
  deprecate("DownBlock2D", "0.29", deprecation_message)
[2024-06-11 15:59] C:\Users\MegaS\AppData\Local\Programs\Python\Python310\lib\site-packages\diffusers\models\unet_2d_blocks.py:284: FutureWarning: `AttnDownEncoderBlock2D` is deprecated and will be removed in version 0.29. Importing `AttnDownEncoderBlock2D` from `diffusers.models.unet_2d_blocks` is deprecated and this will be removed in a future version. Please use `from diffusers.models.unets.unet_2d_blocks import AttnDownEncoderBlock2D`, instead.
  deprecate("AttnDownEncoderBlock2D", "0.29", deprecation_message)
[2024-06-11 15:59] C:\Users\MegaS\AppData\Local\Programs\Python\Python310\lib\site-packages\diffusers\models\unet_2d_blocks.py:289: FutureWarning: `AttnSkipDownBlock2D` is deprecated and will be removed in version 0.29. Importing `AttnSkipDownBlock2D` from `diffusers.models.unet_2d_blocks` is deprecated and this will be removed in a future version. Please use `from diffusers.models.unets.unet_2d_blocks import AttnSkipDownBlock2D`, instead.
  deprecate("AttnSkipDownBlock2D", "0.29", deprecation_message)
[2024-06-11 15:59] C:\Users\MegaS\AppData\Local\Programs\Python\Python310\lib\site-packages\diffusers\models\unet_2d_blocks.py:294: FutureWarning: `SkipDownBlock2D` is deprecated and will be removed in version 0.29. Importing `SkipDownBlock2D` from `diffusers.models.unet_2d_blocks` is deprecated and this will be removed in a future version. Please use `from diffusers.models.unets.unet_2d_blocks import SkipDownBlock2D`, instead.
  deprecate("SkipDownBlock2D", "0.29", deprecation_message)
[2024-06-11 15:59] C:\Users\MegaS\AppData\Local\Programs\Python\Python310\lib\site-packages\diffusers\models\unet_2d_blocks.py:299: FutureWarning: `ResnetDownsampleBlock2D` is deprecated and will be removed in version 0.29. Importing `ResnetDownsampleBlock2D` from `diffusers.models.unet_2d_blocks` is deprecated and this will be removed in a future version. Please use `from diffusers.models.unets.unet_2d_blocks import ResnetDownsampleBlock2D`, instead.
  deprecate("ResnetDownsampleBlock2D", "0.29", deprecation_message)
[2024-06-11 15:59] C:\Users\MegaS\AppData\Local\Programs\Python\Python310\lib\site-packages\diffusers\models\unet_2d_blocks.py:304: FutureWarning: `SimpleCrossAttnDownBlock2D` is deprecated and will be removed in version 0.29. Importing `SimpleCrossAttnDownBlock2D` from `diffusers.models.unet_2d_blocks` is deprecated and this will be removed in a future version. Please use `from diffusers.models.unets.unet_2d_blocks import SimpleCrossAttnDownBlock2D`, instead.
  deprecate("SimpleCrossAttnDownBlock2D", "0.29", deprecation_message)
[2024-06-11 15:59] C:\Users\MegaS\AppData\Local\Programs\Python\Python310\lib\site-packages\diffusers\models\unet_2d_blocks.py:309: FutureWarning: `KDownBlock2D` is deprecated and will be removed in version 0.29. Importing `KDownBlock2D` from `diffusers.models.unet_2d_blocks` is deprecated and this will be removed in a future version. Please use `from diffusers.models.unets.unet_2d_blocks import KDownBlock2D`, instead.
  deprecate("KDownBlock2D", "0.29", deprecation_message)
[2024-06-11 15:59] C:\Users\MegaS\AppData\Local\Programs\Python\Python310\lib\site-packages\diffusers\models\unet_2d_blocks.py:314: FutureWarning: `KCrossAttnDownBlock2D` is deprecated and will be removed in version 0.29. Importing `KCrossAttnDownBlock2D` from `diffusers.models.unet_2d_blocks` is deprecated and this will be removed in a future version. Please use `from diffusers.models.unets.unet_2d_blocks import KCrossAttnDownBlock2D`, instead.
  deprecate("KCrossAttnDownBlock2D", "0.29", deprecation_message)
[2024-06-11 15:59] C:\Users\MegaS\AppData\Local\Programs\Python\Python310\lib\site-packages\diffusers\models\unet_2d_blocks.py:319: FutureWarning: `AttnUpBlock2D` is deprecated and will be removed in version 0.29. Importing `AttnUpBlock2D` from `diffusers.models.unet_2d_blocks` is deprecated and this will be removed in a future version. Please use `from diffusers.models.unets.unet_2d_blocks import AttnUpBlock2D`, instead.
  deprecate("AttnUpBlock2D", "0.29", deprecation_message)
[2024-06-11 15:59] C:\Users\MegaS\AppData\Local\Programs\Python\Python310\lib\site-packages\diffusers\models\unet_2d_blocks.py:324: FutureWarning: `CrossAttnUpBlock2D` is deprecated and will be removed in version 0.29. Importing `CrossAttnUpBlock2D` from `diffusers.models.unet_2d_blocks` is deprecated and this will be removed in a future version. Please use `from diffusers.models.unets.unet_2d_blocks import CrossAttnUpBlock2D`, instead.
  deprecate("CrossAttnUpBlock2D", "0.29", deprecation_message)
[2024-06-11 15:59] C:\Users\MegaS\AppData\Local\Programs\Python\Python310\lib\site-packages\diffusers\models\unet_2d_blocks.py:329: FutureWarning: `UpBlock2D` is deprecated and will be removed in version 0.29. Importing `UpBlock2D` from `diffusers.models.unet_2d_blocks` is deprecated and this will be removed in a future version. Please use `from diffusers.models.unets.unet_2d_blocks import UpBlock2D`, instead.
  deprecate("UpBlock2D", "0.29", deprecation_message)
[2024-06-11 15:59] C:\Users\MegaS\AppData\Local\Programs\Python\Python310\lib\site-packages\diffusers\models\unet_2d_blocks.py:334: FutureWarning: `UpDecoderBlock2D` is deprecated and will be removed in version 0.29. Importing `UpDecoderBlock2D` from `diffusers.models.unet_2d_blocks` is deprecated and this will be removed in a future version. Please use `from diffusers.models.unets.unet_2d_blocks import UpDecoderBlock2D`, instead.
  deprecate("UpDecoderBlock2D", "0.29", deprecation_message)
[2024-06-11 15:59] C:\Users\MegaS\AppData\Local\Programs\Python\Python310\lib\site-packages\diffusers\models\unet_2d_blocks.py:339: FutureWarning: `AttnUpDecoderBlock2D` is deprecated and will be removed in version 0.29. Importing `AttnUpDecoderBlock2D` from `diffusers.models.unet_2d_blocks` is deprecated and this will be removed in a future version. Please use `from diffusers.models.unets.unet_2d_blocks import AttnUpDecoderBlock2D`, instead.
  deprecate("AttnUpDecoderBlock2D", "0.29", deprecation_message)
[2024-06-11 15:59] C:\Users\MegaS\AppData\Local\Programs\Python\Python310\lib\site-packages\diffusers\models\unet_2d_blocks.py:344: FutureWarning: `AttnSkipUpBlock2D` is deprecated and will be removed in version 0.29. Importing `AttnSkipUpBlock2D` from `diffusers.models.unet_2d_blocks` is deprecated and this will be removed in a future version. Please use `from diffusers.models.unets.unet_2d_blocks import AttnSkipUpBlock2D`, instead.
  deprecate("AttnSkipUpBlock2D", "0.29", deprecation_message)
[2024-06-11 15:59] C:\Users\MegaS\AppData\Local\Programs\Python\Python310\lib\site-packages\diffusers\models\unet_2d_blocks.py:349: FutureWarning: `SkipUpBlock2D` is deprecated and will be removed in version 0.29. Importing `SkipUpBlock2D` from `diffusers.models.unet_2d_blocks` is deprecated and this will be removed in a future version. Please use `from diffusers.models.unets.unet_2d_blocks import SkipUpBlock2D`, instead.
  deprecate("SkipUpBlock2D", "0.29", deprecation_message)
[2024-06-11 15:59] C:\Users\MegaS\AppData\Local\Programs\Python\Python310\lib\site-packages\diffusers\models\unet_2d_blocks.py:354: FutureWarning: `ResnetUpsampleBlock2D` is deprecated and will be removed in version 0.29. Importing `ResnetUpsampleBlock2D` from `diffusers.models.unet_2d_blocks` is deprecated and this will be removed in a future version. Please use `from diffusers.models.unets.unet_2d_blocks import ResnetUpsampleBlock2D`, instead.
  deprecate("ResnetUpsampleBlock2D", "0.29", deprecation_message)
[2024-06-11 15:59] C:\Users\MegaS\AppData\Local\Programs\Python\Python310\lib\site-packages\diffusers\models\unet_2d_blocks.py:359: FutureWarning: `SimpleCrossAttnUpBlock2D` is deprecated and will be removed in version 0.29. Importing `SimpleCrossAttnUpBlock2D` from `diffusers.models.unet_2d_blocks` is deprecated and this will be removed in a future version. Please use `from diffusers.models.unets.unet_2d_blocks import SimpleCrossAttnUpBlock2D`, instead.
  deprecate("SimpleCrossAttnUpBlock2D", "0.29", deprecation_message)
[2024-06-11 15:59] C:\Users\MegaS\AppData\Local\Programs\Python\Python310\lib\site-packages\diffusers\models\unet_2d_blocks.py:364: FutureWarning: `KUpBlock2D` is deprecated and will be removed in version 0.29. Importing `KUpBlock2D` from `diffusers.models.unet_2d_blocks` is deprecated and this will be removed in a future version. Please use `from diffusers.models.unets.unet_2d_blocks import KUpBlock2D`, instead.
  deprecate("KUpBlock2D", "0.29", deprecation_message)
[2024-06-11 15:59] C:\Users\MegaS\AppData\Local\Programs\Python\Python310\lib\site-packages\diffusers\models\unet_2d_blocks.py:369: FutureWarning: `KCrossAttnUpBlock2D` is deprecated and will be removed in version 0.29. Importing `KCrossAttnUpBlock2D` from `diffusers.models.unet_2d_blocks` is deprecated and this will be removed in a future version. Please use `from diffusers.models.unets.unet_2d_blocks import KCrossAttnUpBlock2D`, instead.
  deprecate("KCrossAttnUpBlock2D", "0.29", deprecation_message)
[2024-06-11 15:59] C:\Users\MegaS\AppData\Local\Programs\Python\Python310\lib\site-packages\diffusers\models\unet_2d_blocks.py:375: FutureWarning: `KAttentionBlock` is deprecated and will be removed in version 0.29. Importing `KAttentionBlock` from `diffusers.models.unet_2d_blocks` is deprecated and this will be removed in a future version. Please use `from diffusers.models.unets.unet_2d_blocks import KAttentionBlock`, instead.
  deprecate("KAttentionBlock", "0.29", deprecation_message)
[2024-06-11 15:59] model_type EPS
[2024-06-11 15:59] Using pytorch attention in VAE
[2024-06-11 15:59] Using pytorch attention in VAE
[2024-06-11 15:59] clip missing: ['clip_l.logit_scale', 'clip_l.transformer.text_projection.weight']
[2024-06-11 15:59] Requested to load SD1ClipModel
[2024-06-11 15:59] Loading 1 new model
[2024-06-11 15:59] Requested to load BaseModel
[2024-06-11 15:59] Loading 1 new model
[2024-06-11 15:59] C:\Users\MegaS\OneDrive\Desktop\GodotGameexport\comfy\ldm\modules\attention.py:345: UserWarning: 1Torch was not compiled with flash attention. (Triggered internally at ..\aten\src\ATen\native\transformers\cuda\sdp_utils.cpp:455.)
  out = torch.nn.functional.scaled_dot_product_attention(q, k, v, attn_mask=mask, dropout_p=0.0, is_causal=False)
[2024-06-11 15:59] 100%|██████████| 20/20 [00:11<00:00,  1.72it/s]100%|██████████| 20/20 [00:11<00:00,  1.69it/s]
[2024-06-11 15:59] Requested to load AutoencoderKL
[2024-06-11 15:59] Loading 1 new model
[2024-06-11 15:59] C:\Users\MegaS\AppData\Local\Programs\Python\Python310\lib\site-packages\diffusers\models\unet_2d_blocks.py:76: FutureWarning: `get_down_block` is deprecated and will be removed in version 0.29. Importing `get_down_block` from `diffusers.models.unet_2d_blocks` is deprecated and this will be removed in a future version. Please use `from diffusers.models.unets.unet_2d_blocks import get_down_block`, instead.
  deprecate("get_down_block", "0.29", deprecation_message)
[2024-06-11 15:59] C:\Users\MegaS\AppData\Local\Programs\Python\Python310\lib\site-packages\diffusers\models\unet_2d_blocks.py:213: FutureWarning: `get_up_block` is deprecated and will be removed in version 0.29. Importing `get_up_block` from `diffusers.models.unet_2d_blocks` is deprecated and this will be removed in a future version. Please use `from diffusers.models.unets.unet_2d_blocks import get_up_block`, instead.
  deprecate("get_up_block", "0.29", deprecation_message)
[2024-06-11 15:59] 100%|██████████| 8/8 [00:01<00:00,  9.05it/s]100%|██████████| 8/8 [00:01<00:00,  7.88it/s]
[2024-06-11 15:59] Requested to load BaseModel
[2024-06-11 15:59] Loading 1 new model
[2024-06-11 15:59] 100%|██████████| 20/20 [00:05<00:00,  3.42it/s]100%|██████████| 20/20 [00:05<00:00,  3.47it/s]
[2024-06-11 15:59] 100%|██████████| 20/20 [00:05<00:00,  3.46it/s]100%|██████████| 20/20 [00:05<00:00,  3.44it/s]
[2024-06-11 15:59] Requested to load AutoencoderKL
[2024-06-11 15:59] Loading 1 new model
